[0.361s] Invoking command in '/home/mariobo/betaflight_ws/build/betaflight_bridge': PYTHONPATH=/home/mariobo/betaflight_ws/build/betaflight_bridge/prefix_override:/usr/lib/python3/dist-packages/colcon_core/task/python/colcon_distutils_commands:/home/mariobo/betaflight_ws/install/betaflight_bridge/lib/python3.10/site-packages:${PYTHONPATH} /usr/bin/python3 -W ignore:setup.py install is deprecated setup.py develop --editable --build-directory /home/mariobo/betaflight_ws/build/betaflight_bridge/build --no-deps symlink_data
[0.518s] running develop
[0.519s] /usr/lib/python3/dist-packages/setuptools/command/easy_install.py:158: EasyInstallDeprecationWarning: easy_install command is deprecated. Use build and pip and other standards-based tools.
[0.519s]   warnings.warn(
[0.601s] running egg_info
[0.602s] writing betaflight_bridge.egg-info/PKG-INFO
[0.602s] writing dependency_links to betaflight_bridge.egg-info/dependency_links.txt
[0.603s] writing entry points to betaflight_bridge.egg-info/entry_points.txt
[0.603s] writing requirements to betaflight_bridge.egg-info/requires.txt
[0.603s] writing top-level names to betaflight_bridge.egg-info/top_level.txt
[0.604s] reading manifest file 'betaflight_bridge.egg-info/SOURCES.txt'
[0.605s] writing manifest file 'betaflight_bridge.egg-info/SOURCES.txt'
[0.606s] running build_ext
[0.606s] Creating /home/mariobo/betaflight_ws/install/betaflight_bridge/lib/python3.10/site-packages/betaflight-bridge.egg-link (link to .)
[0.607s] Installing betaflight_bridge script to /home/mariobo/betaflight_ws/install/betaflight_bridge/lib/betaflight_bridge
[0.607s] Installing mock_flight_controller script to /home/mariobo/betaflight_ws/install/betaflight_bridge/lib/betaflight_bridge
[0.607s] 
[0.607s] Installed /home/mariobo/betaflight_ws/build/betaflight_bridge
[0.607s] running symlink_data
[0.624s] Invoked command in '/home/mariobo/betaflight_ws/build/betaflight_bridge' returned '0': PYTHONPATH=/home/mariobo/betaflight_ws/build/betaflight_bridge/prefix_override:/usr/lib/python3/dist-packages/colcon_core/task/python/colcon_distutils_commands:/home/mariobo/betaflight_ws/install/betaflight_bridge/lib/python3.10/site-packages:${PYTHONPATH} /usr/bin/python3 -W ignore:setup.py install is deprecated setup.py develop --editable --build-directory /home/mariobo/betaflight_ws/build/betaflight_bridge/build --no-deps symlink_data
